Base path: 'C:/Program Files/Unity/Hub/Editor/2020.3.32f1/Editor/Data', plugins path 'C:/Program Files/Unity/Hub/Editor/2020.3.32f1/Editor/Data/PlaybackEngines'
Cmd: initializeCompiler

Cmd: compileComputeKernel
  insize=5244 file=C:/Users/LEGION/Desktop/VR_SPH_Simulation/Assets/Scripts/CumputShaderOfSPH.compute kernel=ComputeColliders cachingPP=0 ppOnly=0 stripLineD=0 buildPlatform=19 km=<UNITY_VERSION=202039> pKW=UNITY_ENABLE_REFLECTION_BUFFERS UNITY_USE_DITHER_MASK_FOR_ALPHABLENDED_SHADOWS UNITY_PBS_USE_BRDF1 UNITY_SPECCUBE_BOX_PROJECTION UNITY_SPECCUBE_BLENDING UNITY_ENABLE_DETAIL_NORMALMAP SHADER_API_DESKTOP UNITY_COLORSPACE_GAMMA UNITY_LIGHT_PROBE_PROXY_VOLUME UNITY_LIGHTMAP_FULL_HDR uKW=SHADER_STAGE_COMPUTE platform=d3d11 flags=0  error: 2 plat 4 at CumputShaderOfSPH.compute(184): if statement conditional expressions must evaluate to a scalar
  error: 2 plat 4 at CumputShaderOfSPH.compute(189): unrecognized identifier 'particles'
 ok=0 outsize=0

Cmd: compileComputeKernel
  insize=4859 file=C:/Users/LEGION/Desktop/VR_SPH_Simulation/Assets/Scripts/CumputShaderOfSPH.compute kernel=ComputeColliders cachingPP=0 ppOnly=0 stripLineD=0 buildPlatform=19 km=<UNITY_VERSION=202039> pKW=UNITY_ENABLE_REFLECTION_BUFFERS UNITY_USE_DITHER_MASK_FOR_ALPHABLENDED_SHADOWS UNITY_PBS_USE_BRDF1 UNITY_SPECCUBE_BOX_PROJECTION UNITY_SPECCUBE_BLENDING UNITY_ENABLE_DETAIL_NORMALMAP SHADER_API_DESKTOP UNITY_COLORSPACE_GAMMA UNITY_LIGHT_PROBE_PROXY_VOLUME UNITY_LIGHTMAP_FULL_HDR uKW=SHADER_STAGE_COMPUTE platform=d3d11 flags=0  error: 2 plat 4 at CumputShaderOfSPH.compute(173): if statement conditional expressions must evaluate to a scalar
  error: 2 plat 4 at CumputShaderOfSPH.compute(178): unrecognized identifier 'particles'
 ok=0 outsize=0

Cmd: compileComputeKernel
  insize=4837 file=C:/Users/LEGION/Desktop/VR_SPH_Simulation/Assets/Scripts/CumputShaderOfSPH.compute kernel=ComputeColliders cachingPP=0 ppOnly=0 stripLineD=0 buildPlatform=19 km=<UNITY_VERSION=202039> pKW=UNITY_ENABLE_REFLECTION_BUFFERS UNITY_USE_DITHER_MASK_FOR_ALPHABLENDED_SHADOWS UNITY_PBS_USE_BRDF1 UNITY_SPECCUBE_BOX_PROJECTION UNITY_SPECCUBE_BLENDING UNITY_ENABLE_DETAIL_NORMALMAP SHADER_API_DESKTOP UNITY_COLORSPACE_GAMMA UNITY_LIGHT_PROBE_PROXY_VOLUME UNITY_LIGHTMAP_FULL_HDR uKW=SHADER_STAGE_COMPUTE platform=d3d11 flags=0  error: 1 plat 4 at CumputShaderOfSPH.compute(174): implicit truncation of vector type
 ok=1 outsize=613

Cmd: compileComputeKernel
  insize=4837 file=C:/Users/LEGION/Desktop/VR_SPH_Simulation/Assets/Scripts/CumputShaderOfSPH.compute kernel=Integrate cachingPP=0 ppOnly=0 stripLineD=0 buildPlatform=19 km=<UNITY_VERSION=202039> pKW=UNITY_ENABLE_REFLECTION_BUFFERS UNITY_USE_DITHER_MASK_FOR_ALPHABLENDED_SHADOWS UNITY_PBS_USE_BRDF1 UNITY_SPECCUBE_BOX_PROJECTION UNITY_SPECCUBE_BLENDING UNITY_ENABLE_DETAIL_NORMALMAP SHADER_API_DESKTOP UNITY_COLORSPACE_GAMMA UNITY_LIGHT_PROBE_PROXY_VOLUME UNITY_LIGHTMAP_FULL_HDR uKW=SHADER_STAGE_COMPUTE platform=d3d11 flags=0  error: 1 plat 4 at CumputShaderOfSPH.compute(174): implicit truncation of vector type
 ok=1 outsize=760

Cmd: compileComputeKernel
  insize=5115 file=C:/Users/LEGION/Desktop/VR_SPH_Simulation/Assets/Scripts/CumputShaderOfSPH.compute kernel=CumputeDensityPressure cachingPP=0 ppOnly=0 stripLineD=0 buildPlatform=19 km=<UNITY_VERSION=202039> pKW=UNITY_ENABLE_REFLECTION_BUFFERS UNITY_USE_DITHER_MASK_FOR_ALPHABLENDED_SHADOWS UNITY_PBS_USE_BRDF1 UNITY_SPECCUBE_BOX_PROJECTION UNITY_SPECCUBE_BLENDING UNITY_ENABLE_DETAIL_NORMALMAP SHADER_API_DESKTOP UNITY_COLORSPACE_GAMMA UNITY_LIGHT_PROBE_PROXY_VOLUME UNITY_LIGHTMAP_FULL_HDR uKW=SHADER_STAGE_COMPUTE platform=d3d11 flags=0  error: 1 plat 4 at CumputShaderOfSPH.compute(55): pow(f, e) will not work for negative f, use abs(f) or conditionally handle negative values if you expect them
 ok=1 outsize=1446

Cmd: compileComputeKernel
  insize=3366 file=C:/Users/LEGION/Desktop/VR_SPH_Simulation/Assets/Scripts/CumputShaderOfSPH.compute kernel=CumputeDensityPressure cachingPP=0 ppOnly=0 stripLineD=0 buildPlatform=19 km=<UNITY_VERSION=202039> pKW=UNITY_ENABLE_REFLECTION_BUFFERS UNITY_USE_DITHER_MASK_FOR_ALPHABLENDED_SHADOWS UNITY_PBS_USE_BRDF1 UNITY_SPECCUBE_BOX_PROJECTION UNITY_SPECCUBE_BLENDING UNITY_ENABLE_DETAIL_NORMALMAP SHADER_API_DESKTOP UNITY_COLORSPACE_GAMMA UNITY_LIGHT_PROBE_PROXY_VOLUME UNITY_LIGHTMAP_FULL_HDR uKW=SHADER_STAGE_COMPUTE platform=d3d11 flags=0  error: 1 plat 4 at CumputShaderOfSPH.compute(43): pow(f, e) will not work for negative f, use abs(f) or conditionally handle negative values if you expect them
 ok=1 outsize=1446

Cmd: shutdown
